# JRE version: 7.0_25-b17
# Java VM: Java HotSpot(TM) 64-Bit Server VM (23.25-b01 mixed mode windows-amd64 compressed oops)
Heap
 PSYoungGen      total 86784K, used 33750K [0x00000007aac00000, 0x00000007b7330000, 0x0000000800000000)
  eden space 54976K, 3% used [0x00000007aac00000,0x00000007aadee7c8,0x00000007ae1b0000)
  from space 31808K, 99% used [0x00000007ae2d0000,0x00000007b01d7210,0x00000007b01e0000)
  to   space 74496K, 0% used [0x00000007b2a70000,0x00000007b2a70000,0x00000007b7330000)
 ParOldGen       total 161344K, used 57746K [0x0000000700400000, 0x000000070a190000, 0x00000007aac00000)
  object space 161344K, 35% used [0x0000000700400000,0x0000000703c64970,0x000000070a190000)
 PSPermGen       total 25536K, used 12678K [0x00000006fb200000, 0x00000006fcaf0000, 0x0000000700400000)
  object space 25536K, 49% used [0x00000006fb200000,0x00000006fbe618c8,0x00000006fcaf0000)
GC Heap History (10 events):
Event: 12.966 GC heap before
{Heap before GC invocations=4 (full 0):
 PSYoungGen      total 76416K, used 76387K [0x00000007aac00000, 0x00000007b0140000, 0x0000000800000000)
  eden space 65536K, 100% used [0x00000007aac00000,0x00000007aec00000,0x00000007aec00000)
  from space 10880K, 99% used [0x00000007aec00000,0x00000007af698f58,0x00000007af6a0000)
  to   space 10880K, 0% used [0x00000007af6a0000,0x00000007af6a0000,0x00000007b0140000)
 ParOldGen       total 174592K, used 97810K [0x0000000700400000, 0x000000070ae80000, 0x00000007aac00000)
  object space 174592K, 56% used [0x0000000700400000,0x0000000706384aa0,0x000000070ae80000)
 PSPermGen       total 21248K, used 12625K [0x00000006fb200000, 0x00000006fc6c0000, 0x0000000700400000)
  object space 21248K, 59% used [0x00000006fb200000,0x00000006fbe546c0,0x00000006fc6c0000)
Event: 12.978 GC heap after
Heap after GC invocations=4 (full 0):
 PSYoungGen      total 76416K, used 10868K [0x00000007aac00000, 0x00000007b0140000, 0x0000000800000000)
  eden space 65536K, 0% used [0x00000007aac00000,0x00000007aac00000,0x00000007aec00000)
  from space 10880K, 99% used [0x00000007af6a0000,0x00000007b013d1c8,0x00000007b0140000)
  to   space 10880K, 0% used [0x00000007aec00000,0x00000007aec00000,0x00000007af6a0000)
 ParOldGen       total 174592K, used 140895K [0x0000000700400000, 0x000000070ae80000, 0x00000007aac00000)
  object space 174592K, 80% used [0x0000000700400000,0x0000000708d97f50,0x000000070ae80000)
 PSPermGen       total 21248K, used 12625K [0x00000006fb200000, 0x00000006fc6c0000, 0x0000000700400000)
  object space 21248K, 59% used [0x00000006fb200000,0x00000006fbe546c0,0x00000006fc6c0000)
}
Event: 12.978 GC heap before
{Heap before GC invocations=5 (full 1):
 PSYoungGen      total 76416K, used 10868K [0x00000007aac00000, 0x00000007b0140000, 0x0000000800000000)
  eden space 65536K, 0% used [0x00000007aac00000,0x00000007aac00000,0x00000007aec00000)
  from space 10880K, 99% used [0x00000007af6a0000,0x00000007b013d1c8,0x00000007b0140000)
  to   space 10880K, 0% used [0x00000007aec00000,0x00000007aec00000,0x00000007af6a0000)
 ParOldGen       total 174592K, used 140895K [0x0000000700400000, 0x000000070ae80000, 0x00000007aac00000)
  object space 174592K, 80% used [0x0000000700400000,0x0000000708d97f50,0x000000070ae80000)
 PSPermGen       total 21248K, used 12625K [0x00000006fb200000, 0x00000006fc6c0000, 0x0000000700400000)
  object space 21248K, 59% used [0x00000006fb200000,0x00000006fbe546c0,0x00000006fc6c0000)
Event: 13.002 GC heap after
Heap after GC invocations=5 (full 1):
 PSYoungGen      total 76416K, used 0K [0x00000007aac00000, 0x00000007b0140000, 0x0000000800000000)
  eden space 65536K, 0% used [0x00000007aac00000,0x00000007aac00000,0x00000007aec00000)
  from space 10880K, 0% used [0x00000007af6a0000,0x00000007af6a0000,0x00000007b0140000)
  to   space 10880K, 0% used [0x00000007aec00000,0x00000007aec00000,0x00000007af6a0000)
 ParOldGen       total 161344K, used 42121K [0x0000000700400000, 0x000000070a190000, 0x00000007aac00000)
  object space 161344K, 26% used [0x0000000700400000,0x0000000702d22530,0x000000070a190000)
 PSPermGen       total 25536K, used 12621K [0x00000006fb200000, 0x00000006fcaf0000, 0x0000000700400000)
  object space 25536K, 49% used [0x00000006fb200000,0x00000006fbe53520,0x00000006fcaf0000)
}
Event: 13.826 GC heap before
{Heap before GC invocations=6 (full 1):
 PSYoungGen      total 76416K, used 64729K [0x00000007aac00000, 0x00000007b0140000, 0x0000000800000000)
  eden space 65536K, 98% used [0x00000007aac00000,0x00000007aeb36448,0x00000007aec00000)
  from space 10880K, 0% used [0x00000007af6a0000,0x00000007af6a0000,0x00000007b0140000)
  to   space 10880K, 0% used [0x00000007aec00000,0x00000007aec00000,0x00000007af6a0000)
 ParOldGen       total 161344K, used 42121K [0x0000000700400000, 0x000000070a190000, 0x00000007aac00000)
  object space 161344K, 26% used [0x0000000700400000,0x0000000702d22530,0x000000070a190000)
 PSPermGen       total 25536K, used 12644K [0x00000006fb200000, 0x00000006fcaf0000, 0x0000000700400000)
  object space 25536K, 49% used [0x00000006fb200000,0x00000006fbe59098,0x00000006fcaf0000)
Event: 13.829 GC heap after
Heap after GC invocations=6 (full 1):
 PSYoungGen      total 74944K, used 8267K [0x00000007aac00000, 0x00000007b76b0000, 0x0000000800000000)
  eden space 64064K, 0% used [0x00000007aac00000,0x00000007aac00000,0x00000007aea90000)
  from space 10880K, 75% used [0x00000007aec00000,0x00000007af412c20,0x00000007af6a0000)
  to   space 71744K, 0% used [0x00000007b30a0000,0x00000007b30a0000,0x00000007b76b0000)
 ParOldGen       total 161344K, used 57746K [0x0000000700400000, 0x000000070a190000, 0x00000007aac00000)
  object space 161344K, 35% used [0x0000000700400000,0x0000000703c64970,0x000000070a190000)
 PSPermGen       total 25536K, used 12644K [0x00000006fb200000, 0x00000006fcaf0000, 0x0000000700400000)
  object space 25536K, 49% used [0x00000006fb200000,0x00000006fbe59098,0x00000006fcaf0000)
}
Event: 15.087 GC heap before
{Heap before GC invocations=7 (full 1):
 PSYoungGen      total 74944K, used 72331K [0x00000007aac00000, 0x00000007b76b0000, 0x0000000800000000)
  eden space 64064K, 100% used [0x00000007aac00000,0x00000007aea90000,0x00000007aea90000)
  from space 10880K, 75% used [0x00000007aec00000,0x00000007af412c20,0x00000007af6a0000)
  to   space 71744K, 0% used [0x00000007b30a0000,0x00000007b30a0000,0x00000007b76b0000)
 ParOldGen       total 161344K, used 57746K [0x0000000700400000, 0x000000070a190000, 0x00000007aac00000)
  object space 161344K, 35% used [0x0000000700400000,0x0000000703c64970,0x000000070a190000)
 PSPermGen       total 25536K, used 12658K [0x00000006fb200000, 0x00000006fcaf0000, 0x0000000700400000)
  object space 25536K, 49% used [0x00000006fb200000,0x00000006fbe5ca78,0x00000006fcaf0000)
Event: 15.098 GC heap after
Heap after GC invocations=7 (full 1):
 PSYoungGen      total 127872K, used 57227K [0x00000007aac00000, 0x00000007b84d0000, 0x0000000800000000)
  eden space 56128K, 0% used [0x00000007aac00000,0x00000007aac00000,0x00000007ae2d0000)
  from space 71744K, 79% used [0x00000007b30a0000,0x00000007b6882cf0,0x00000007b76b0000)
  to   space 79680K, 0% used [0x00000007ae2d0000,0x00000007ae2d0000,0x00000007b30a0000)
 ParOldGen       total 161344K, used 57746K [0x0000000700400000, 0x000000070a190000, 0x00000007aac00000)
  object space 161344K, 35% used [0x0000000700400000,0x0000000703c64970,0x000000070a190000)
 PSPermGen       total 25536K, used 12658K [0x00000006fb200000, 0x00000006fcaf0000, 0x0000000700400000)
  object space 25536K, 49% used [0x00000006fb200000,0x00000006fbe5ca78,0x00000006fcaf0000)
}
Event: 18.279 GC heap before
{Heap before GC invocations=8 (full 1):
 PSYoungGen      total 127872K, used 113355K [0x00000007aac00000, 0x00000007b84d0000, 0x0000000800000000)
  eden space 56128K, 100% used [0x00000007aac00000,0x00000007ae2d0000,0x00000007ae2d0000)
  from space 71744K, 79% used [0x00000007b30a0000,0x00000007b6882cf0,0x00000007b76b0000)
  to   space 79680K, 0% used [0x00000007ae2d0000,0x00000007ae2d0000,0x00000007b30a0000)
 ParOldGen       total 161344K, used 57746K [0x0000000700400000, 0x000000070a190000, 0x00000007aac00000)
  object space 161344K, 35% used [0x0000000700400000,0x0000000703c64970,0x000000070a190000)
 PSPermGen       total 25536K, used 12672K [0x00000006fb200000, 0x00000006fcaf0000, 0x0000000700400000)
  object space 25536K, 49% used [0x00000006fb200000,0x00000006fbe602f8,0x00000006fcaf0000)
Event: 18.282 GC heap after
Heap after GC invocations=8 (full 1):
 PSYoungGen      total 86784K, used 31772K [0x00000007aac00000, 0x00000007b7330000, 0x0000000800000000)
  eden space 54976K, 0% used [0x00000007aac00000,0x00000007aac00000,0x00000007ae1b0000)
  from space 31808K, 99% used [0x00000007ae2d0000,0x00000007b01d7210,0x00000007b01e0000)
  to   space 74496K, 0% used [0x00000007b2a70000,0x00000007b2a70000,0x00000007b7330000)
 ParOldGen       total 161344K, used 57746K [0x0000000700400000, 0x000000070a190000, 0x00000007aac00000)
  object space 161344K, 35% used [0x0000000700400000,0x0000000703c64970,0x000000070a190000)
 PSPermGen       total 25536K, used 12672K [0x00000006fb200000, 0x00000006fcaf0000, 0x0000000700400000)
  object space 25536K, 49% used [0x00000006fb200000,0x00000006fbe602f8,0x00000006fcaf0000)
}

